Removed Pin From Net: NetName=GND Pin=A1-2
Removed Pin From Net: NetName=GND Pin=A1-3
Removed Pin From Net: NetName=Net*_15 Pin=A1-4
Removed Pin From Net: NetName=GND Pin=A2-2
Removed Pin From Net: NetName=GND Pin=A2-3
Removed Pin From Net: NetName=Net*_14 Pin=A2-4
Removed Pin From Net: NetName=GND Pin=A3-2
Removed Pin From Net: NetName=GND Pin=A3-3
Removed Pin From Net: NetName=Net*_13 Pin=A3-4
Removed Pin From Net: NetName=GND Pin=A4-2
Removed Pin From Net: NetName=GND Pin=A4-3
Removed Pin From Net: NetName=Net*_12 Pin=A4-4
Removed Pin From Net: NetName=GND Pin=A5-2
Removed Pin From Net: NetName=GND Pin=A5-3
Removed Pin From Net: NetName=Net*_11 Pin=A5-4
Removed Member From Class: ClassName=Sheet1 Member=A1
Removed Member From Class: ClassName=Sheet1 Member=A2
Removed Member From Class: ClassName=Sheet1 Member=A3
Removed Member From Class: ClassName=Sheet1 Member=A4
Removed Member From Class: ClassName=Sheet1 Member=A5
Change Component Comment : Designator=R15 Old Comment=33k New Comment=0805-33k
Change Component Comment : Designator=R14 Old Comment=100k New Comment=0805-100k
Change Component Comment : Designator=R6 Old Comment=Res New Comment=0805-220
Change Component Comment : Designator=R8 Old Comment=Res New Comment=0805-220
Change Component Comment : Designator=R13 Old Comment=Res New Comment=0805-220
Added Component: Designator=R?(RES-SMD-0805)
Add component (AddParameter): Name = "Class"; Value = "Passive"; VariantName = "[No Variations]"
Add component (AddParameter): Name = "Manufacturer"; Value = "Generic Components"; VariantName = "[No Variations]"
Add component (AddParameter): Name = "Published"; Value = "08/06/2000"; VariantName = "[No Variations]"
Add component (AddParameter): Name = "Publisher"; Value = "Altium Hobart Technology Centre"; VariantName = "[No Variations]"
Added Component: Designator=R?(RES-SMD-0805)
Add component (AddParameter): Name = "Class"; Value = "Passive"; VariantName = "[No Variations]"
Add component (AddParameter): Name = "Manufacturer"; Value = "Generic Components"; VariantName = "[No Variations]"
Add component (AddParameter): Name = "Published"; Value = "08/06/2000"; VariantName = "[No Variations]"
Add component (AddParameter): Name = "Publisher"; Value = "Altium Hobart Technology Centre"; VariantName = "[No Variations]"
Added Component: Designator=R?(RES-SMD-0805)
Add component (AddParameter): Name = "Class"; Value = "Passive"; VariantName = "[No Variations]"
Add component (AddParameter): Name = "Manufacturer"; Value = "Generic Components"; VariantName = "[No Variations]"
Add component (AddParameter): Name = "Published"; Value = "08/06/2000"; VariantName = "[No Variations]"
Add component (AddParameter): Name = "Publisher"; Value = "Altium Hobart Technology Centre"; VariantName = "[No Variations]"
Added Component: Designator=R?(RES-SMD-0805)
Add component (AddParameter): Name = "Class"; Value = "Passive"; VariantName = "[No Variations]"
Add component (AddParameter): Name = "Manufacturer"; Value = "Generic Components"; VariantName = "[No Variations]"
Add component (AddParameter): Name = "Published"; Value = "08/06/2000"; VariantName = "[No Variations]"
Add component (AddParameter): Name = "Publisher"; Value = "Altium Hobart Technology Centre"; VariantName = "[No Variations]"
Added Component: Designator=U?(SOIC180P460X187-4N)
Add component (AddParameter): Name = "Availability"; Value = "In Stock"; VariantName = "[No Variations]"
Add component (AddParameter): Name = "Check_prices"; Value = "https://www.snapeda.com/parts/QRE1113GR/Onsemi/view-part/?ref=eda"; VariantName = "[No Variations]"
Add component (AddParameter): Name = "MF"; Value = "ON Semiconductor"; VariantName = "[No Variations]"
Add component (AddParameter): Name = "MP"; Value = "QRE1113GR"; VariantName = "[No Variations]"
Add component (AddParameter): Name = "Package"; Value = "ARUSM-313-4 ON Semiconductor"; VariantName = "[No Variations]"
Add component (AddParameter): Name = "Price"; Value = "None"; VariantName = "[No Variations]"
Add component (AddParameter): Name = "Purchase-URL"; Value = "https://pricing.snapeda.com/search/part/QRE1113GR/?ref=eda"; VariantName = "[No Variations]"
Add component (AddParameter): Name = "SnapEDA_Link"; Value = "https://www.snapeda.com/parts/QRE1113GR/Onsemi/view-part/?ref=snap"; VariantName = "[No Variations]"
Add component (AddParameter): Name = "Value"; Value = ""; VariantName = "[No Variations]"
Added Component: Designator=U?(SOIC180P460X187-4N)
Add component (AddParameter): Name = "Availability"; Value = "In Stock"; VariantName = "[No Variations]"
Add component (AddParameter): Name = "Check_prices"; Value = "https://www.snapeda.com/parts/QRE1113GR/Onsemi/view-part/?ref=eda"; VariantName = "[No Variations]"
Add component (AddParameter): Name = "MF"; Value = "ON Semiconductor"; VariantName = "[No Variations]"
Add component (AddParameter): Name = "MP"; Value = "QRE1113GR"; VariantName = "[No Variations]"
Add component (AddParameter): Name = "Package"; Value = "ARUSM-313-4 ON Semiconductor"; VariantName = "[No Variations]"
Add component (AddParameter): Name = "Price"; Value = "None"; VariantName = "[No Variations]"
Add component (AddParameter): Name = "Purchase-URL"; Value = "https://pricing.snapeda.com/search/part/QRE1113GR/?ref=eda"; VariantName = "[No Variations]"
Add component (AddParameter): Name = "SnapEDA_Link"; Value = "https://www.snapeda.com/parts/QRE1113GR/Onsemi/view-part/?ref=snap"; VariantName = "[No Variations]"
Add component (AddParameter): Name = "Value"; Value = ""; VariantName = "[No Variations]"
Added Component: Designator=U?(SOIC180P460X187-4N)
Add component (AddParameter): Name = "Availability"; Value = "In Stock"; VariantName = "[No Variations]"
Add component (AddParameter): Name = "Check_prices"; Value = "https://www.snapeda.com/parts/QRE1113GR/Onsemi/view-part/?ref=eda"; VariantName = "[No Variations]"
Add component (AddParameter): Name = "MF"; Value = "ON Semiconductor"; VariantName = "[No Variations]"
Add component (AddParameter): Name = "MP"; Value = "QRE1113GR"; VariantName = "[No Variations]"
Add component (AddParameter): Name = "Package"; Value = "ARUSM-313-4 ON Semiconductor"; VariantName = "[No Variations]"
Add component (AddParameter): Name = "Price"; Value = "None"; VariantName = "[No Variations]"
Add component (AddParameter): Name = "Purchase-URL"; Value = "https://pricing.snapeda.com/search/part/QRE1113GR/?ref=eda"; VariantName = "[No Variations]"
Add component (AddParameter): Name = "SnapEDA_Link"; Value = "https://www.snapeda.com/parts/QRE1113GR/Onsemi/view-part/?ref=snap"; VariantName = "[No Variations]"
Add component (AddParameter): Name = "Value"; Value = ""; VariantName = "[No Variations]"
Added Component: Designator=U?(SOIC180P460X187-4N)
Add component (AddParameter): Name = "Availability"; Value = "In Stock"; VariantName = "[No Variations]"
Add component (AddParameter): Name = "Check_prices"; Value = "https://www.snapeda.com/parts/QRE1113GR/Onsemi/view-part/?ref=eda"; VariantName = "[No Variations]"
Add component (AddParameter): Name = "MF"; Value = "ON Semiconductor"; VariantName = "[No Variations]"
Add component (AddParameter): Name = "MP"; Value = "QRE1113GR"; VariantName = "[No Variations]"
Add component (AddParameter): Name = "Package"; Value = "ARUSM-313-4 ON Semiconductor"; VariantName = "[No Variations]"
Add component (AddParameter): Name = "Price"; Value = "None"; VariantName = "[No Variations]"
Add component (AddParameter): Name = "Purchase-URL"; Value = "https://pricing.snapeda.com/search/part/QRE1113GR/?ref=eda"; VariantName = "[No Variations]"
Add component (AddParameter): Name = "SnapEDA_Link"; Value = "https://www.snapeda.com/parts/QRE1113GR/Onsemi/view-part/?ref=snap"; VariantName = "[No Variations]"
Add component (AddParameter): Name = "Value"; Value = ""; VariantName = "[No Variations]"
Added Component: Designator=U?(SOIC180P460X187-4N)
Add component (AddParameter): Name = "Availability"; Value = "In Stock"; VariantName = "[No Variations]"
Add component (AddParameter): Name = "Check_prices"; Value = "https://www.snapeda.com/parts/QRE1113GR/Onsemi/view-part/?ref=eda"; VariantName = "[No Variations]"
Add component (AddParameter): Name = "MF"; Value = "ON Semiconductor"; VariantName = "[No Variations]"
Add component (AddParameter): Name = "MP"; Value = "QRE1113GR"; VariantName = "[No Variations]"
Add component (AddParameter): Name = "Package"; Value = "ARUSM-313-4 ON Semiconductor"; VariantName = "[No Variations]"
Add component (AddParameter): Name = "Price"; Value = "None"; VariantName = "[No Variations]"
Add component (AddParameter): Name = "Purchase-URL"; Value = "https://pricing.snapeda.com/search/part/QRE1113GR/?ref=eda"; VariantName = "[No Variations]"
Add component (AddParameter): Name = "SnapEDA_Link"; Value = "https://www.snapeda.com/parts/QRE1113GR/Onsemi/view-part/?ref=snap"; VariantName = "[No Variations]"
Add component (AddParameter): Name = "Value"; Value = ""; VariantName = "[No Variations]"
Added Component: Designator=U?(SOIC180P460X187-4N)
Add component (AddParameter): Name = "Availability"; Value = "In Stock"; VariantName = "[No Variations]"
Add component (AddParameter): Name = "Check_prices"; Value = "https://www.snapeda.com/parts/QRE1113GR/Onsemi/view-part/?ref=eda"; VariantName = "[No Variations]"
Add component (AddParameter): Name = "MF"; Value = "ON Semiconductor"; VariantName = "[No Variations]"
Add component (AddParameter): Name = "MP"; Value = "QRE1113GR"; VariantName = "[No Variations]"
Add component (AddParameter): Name = "Package"; Value = "ARUSM-313-4 ON Semiconductor"; VariantName = "[No Variations]"
Add component (AddParameter): Name = "Price"; Value = "None"; VariantName = "[No Variations]"
Add component (AddParameter): Name = "Purchase-URL"; Value = "https://pricing.snapeda.com/search/part/QRE1113GR/?ref=eda"; VariantName = "[No Variations]"
Add component (AddParameter): Name = "SnapEDA_Link"; Value = "https://www.snapeda.com/parts/QRE1113GR/Onsemi/view-part/?ref=snap"; VariantName = "[No Variations]"
Add component (AddParameter): Name = "Value"; Value = ""; VariantName = "[No Variations]"
Added Component: Designator=U?(SOIC180P460X187-4N)
Add component (AddParameter): Name = "Availability"; Value = "In Stock"; VariantName = "[No Variations]"
Add component (AddParameter): Name = "Check_prices"; Value = "https://www.snapeda.com/parts/QRE1113GR/Onsemi/view-part/?ref=eda"; VariantName = "[No Variations]"
Add component (AddParameter): Name = "MF"; Value = "ON Semiconductor"; VariantName = "[No Variations]"
Add component (AddParameter): Name = "MP"; Value = "QRE1113GR"; VariantName = "[No Variations]"
Add component (AddParameter): Name = "Package"; Value = "ARUSM-313-4 ON Semiconductor"; VariantName = "[No Variations]"
Add component (AddParameter): Name = "Price"; Value = "None"; VariantName = "[No Variations]"
Add component (AddParameter): Name = "Purchase-URL"; Value = "https://pricing.snapeda.com/search/part/QRE1113GR/?ref=eda"; VariantName = "[No Variations]"
Add component (AddParameter): Name = "SnapEDA_Link"; Value = "https://www.snapeda.com/parts/QRE1113GR/Onsemi/view-part/?ref=snap"; VariantName = "[No Variations]"
Add component (AddParameter): Name = "Value"; Value = ""; VariantName = "[No Variations]"
Added Pin To Net: NetName=Net*_20 Pin=R?-1
Added Pin To Net: NetName=Net*_20 Pin=R?-1
Added Pin To Net: NetName=Net*_11 Pin=R?-2
Added Pin To Net: NetName=Net*_11 Pin=R?-2
Added Pin To Net: NetName=Net*_20 Pin=R?-2
Added Pin To Net: NetName=Net*_20 Pin=R?-2
Added Pin To Net: NetName=GND Pin=U?-2
Added Pin To Net: NetName=GND Pin=U?-2
Added Pin To Net: NetName=GND Pin=U?-2
Added Pin To Net: NetName=GND Pin=U?-2
Added Pin To Net: NetName=GND Pin=U?-2
Added Pin To Net: NetName=GND Pin=U?-2
Added Pin To Net: NetName=GND Pin=U?-2
Added Pin To Net: NetName=Net*_11 Pin=U?-3
Added Pin To Net: NetName=Net*_11 Pin=U?-3
Added Pin To Net: NetName=Net*_11 Pin=U?-3
Added Pin To Net: NetName=Net*_12 Pin=U?-3
Added Pin To Net: NetName=Net*_13 Pin=U?-3
Added Pin To Net: NetName=Net*_14 Pin=U?-3
Added Pin To Net: NetName=Net*_15 Pin=U?-3
Added Pin To Net: NetName=GND Pin=U?-4
Added Pin To Net: NetName=GND Pin=U?-4
Added Pin To Net: NetName=GND Pin=U?-4
Added Pin To Net: NetName=GND Pin=U?-4
Added Pin To Net: NetName=GND Pin=U?-4
Added Pin To Net: NetName=GND Pin=U?-4
Added Pin To Net: NetName=GND Pin=U?-4
Added Pin To Net: NetName=NetR2_1 Pin=R2-1
Added Pin To Net: NetName=NetR2_1 Pin=U?-1
Added Net: Name=NetR2_1
Added Pin To Net: NetName=NetR4_1 Pin=R4-1
Added Pin To Net: NetName=NetR4_1 Pin=U?-1
Added Net: Name=NetR4_1
Added Pin To Net: NetName=NetR7_1 Pin=R7-1
Added Pin To Net: NetName=NetR7_1 Pin=U?-1
Added Net: Name=NetR7_1
Added Pin To Net: NetName=NetR10_1 Pin=R10-1
Added Pin To Net: NetName=NetR10_1 Pin=U?-1
Added Net: Name=NetR10_1
Added Pin To Net: NetName=NetR12_1 Pin=R12-1
Added Pin To Net: NetName=NetR12_1 Pin=U?-1
Added Net: Name=NetR12_1
Added Pin To Net: NetName=NetR?_1 Pin=R?-1
Added Pin To Net: NetName=NetR?_1 Pin=U?-1
Added Net: Name=NetR?_1
Add Net: Net with name "NetR?_1" already exists
Added Member To Class: ClassName=Sheet1 Member=Component R? 10k
Added Member To Class: ClassName=Sheet1 Member=Component R? 100
Added Member To Class: ClassName=Sheet1 Member=Component R? 10k
Added Member To Class: ClassName=Sheet1 Member=Component R? 100
Added Member To Class: ClassName=Sheet1 Member=Component U? QRE1113GR
Added Member To Class: ClassName=Sheet1 Member=Component U? QRE1113GR
Added Member To Class: ClassName=Sheet1 Member=Component U? QRE1113GR
Added Member To Class: ClassName=Sheet1 Member=Component U? QRE1113GR
Added Member To Class: ClassName=Sheet1 Member=Component U? QRE1113GR
Added Member To Class: ClassName=Sheet1 Member=Component U? QRE1113GR
Added Member To Class: ClassName=Sheet1 Member=Component U? QRE1113GR
