Removed Pin From Net: NetName=+5 Pin=R2-1
Removed Pin From Net: NetName=NetL1_1 Pin=R2-2
Removed Pin From Net: NetName=Net*_14 Pin=R3-1
Removed Pin From Net: NetName=+5 Pin=R3-2
Removed Pin From Net: NetName=+5 Pin=R4-1
Removed Pin From Net: NetName=NetL2_1 Pin=R4-2
Removed Pin From Net: NetName=NetL3_1 Pin=R6-1
Removed Pin From Net: NetName=+5 Pin=R6-2
Removed Pin From Net: NetName=Net*_12 Pin=R7-1
Removed Pin From Net: NetName=+5 Pin=R8-1
Removed Pin From Net: NetName=NetL4_1 Pin=R8-2
Removed Pin From Net: NetName=Net*_11 Pin=R9-2
Removed Pin From Net: NetName=NetL5_1 Pin=R10-1
Removed Pin From Net: NetName=Net*_10 Pin=R11-2
Removed Pin From Net: NetName=+5 Pin=R12-1
Removed Pin From Net: NetName=NetL6_1 Pin=R12-2
Removed Pin From Net: NetName=Net*_9 Pin=R13-2
Removed Pin From Net: NetName=+5 Pin=R14-1
Removed Pin From Net: NetName=NetL7_1 Pin=R14-2
Removed Member From Class: ClassName=Sheet1 Member=R18
Removed Member From Class: ClassName=Sheet1 Member=R20
Removed Member From Class: ClassName=Sheet1 Member=R?
Change Component Footprint: Designator=R1 Old Footprint=RES-SMD-0101 New Footprint=RES-SMD-0603
Change Component Footprint: Designator=R2 Old Footprint=RES-SMD-0101 New Footprint=RES-SMD-0603
Change Component Footprint: Designator=R3 Old Footprint=RES-SMD-0101 New Footprint=RES-SMD-0603
Change Component Footprint: Designator=R4 Old Footprint=RES-SMD-0101 New Footprint=RES-SMD-0603
Change Component Footprint: Designator=R5 Old Footprint=RES-SMD-0101 New Footprint=RES-SMD-0603
Change Component Footprint: Designator=R7 Old Footprint=RES-SMD-0101 New Footprint=RES-SMD-0603
Change Component Footprint: Designator=R9 Old Footprint=RES-SMD-0101 New Footprint=RES-SMD-0603
Change Component Footprint: Designator=R10 Old Footprint=RES-SMD-0101 New Footprint=RES-SMD-0603
Change Component Footprint: Designator=R11 Old Footprint=RES-SMD-0101 New Footprint=RES-SMD-0603
Change Component Footprint: Designator=R12 Old Footprint=RES-SMD-0101 New Footprint=RES-SMD-0603
Change Component Footprint: Designator=R13 Old Footprint=RES-SMD-0101 New Footprint=RES-SMD-0603
Change Component Footprint: Designator=R14 Old Footprint=RES-SMD-0101 New Footprint=RES-SMD-0603
Change Component Footprint: Designator=R15 Old Footprint=RES-SMD-0101 New Footprint=RES-SMD-0603
Change Component Footprint: Designator=R16 Old Footprint=RES-SMD-0101 New Footprint=RES-SMD-0603
Change Component Comment : Designator=R1 Old Comment=20k New Comment=Res
Change Component Comment : Designator=R3 Old Comment=20k New Comment=Res
Change Component Comment : Designator=R5 Old Comment=20k New Comment=Res
Change Component Comment : Designator=R7 Old Comment=20k New Comment=Res
Change Component Comment : Designator=R9 Old Comment=20k New Comment=Res
Change Component Comment : Designator=R11 Old Comment=20k New Comment=Res
Change Component Comment : Designator=R13 Old Comment=20k New Comment=Res
Change Component Comment : Designator=R2 Old Comment=220 New Comment=Res
Change Component Comment : Designator=R4 Old Comment=220 New Comment=Res
Change Component Comment : Designator=R10 Old Comment=220 New Comment=Res
Change Component Comment : Designator=R12 Old Comment=220 New Comment=Res
Change Component Comment : Designator=R14 Old Comment=220 New Comment=Res
Change Component Designator: OldDesignator=IC? NewDesignator=IC1
Change Component Designator: OldDesignator=R? NewDesignator=R6
Change Component Designator: OldDesignator=R? NewDesignator=R8
Added Component: Designator=0805(RES-SMD-0805)
Add component (AddParameter): Name = "Class"; Value = "Passive"; VariantName = "[No Variations]"
Add component (AddParameter): Name = "Manufacturer"; Value = "Generic Components"; VariantName = "[No Variations]"
Add component (AddParameter): Name = "Published"; Value = "08/06/2000"; VariantName = "[No Variations]"
Add component (AddParameter): Name = "Publisher"; Value = "Altium Hobart Technology Centre"; VariantName = "[No Variations]"
Add Pin To Net: Unknown Pin: Pin L1-1
Add Pin To Net: Unknown Pin: Pin L1-2
Add Pin To Net: Unknown Pin: Pin L1-3
Add Pin To Net: Unknown Pin: Pin L1-4
Add Pin To Net: Unknown Pin: Pin L2-1
Add Pin To Net: Unknown Pin: Pin L2-2
Add Pin To Net: Unknown Pin: Pin L2-3
Add Pin To Net: Unknown Pin: Pin L2-4
Add Pin To Net: Unknown Pin: Pin L3-1
Add Pin To Net: Unknown Pin: Pin L3-2
Add Pin To Net: Unknown Pin: Pin L3-3
Add Pin To Net: Unknown Pin: Pin L3-4
Add Pin To Net: Unknown Pin: Pin L4-1
Add Pin To Net: Unknown Pin: Pin L4-2
Add Pin To Net: Unknown Pin: Pin L4-3
Add Pin To Net: Unknown Pin: Pin L4-4
Add Pin To Net: Unknown Pin: Pin L5-1
Add Pin To Net: Unknown Pin: Pin L5-2
Add Pin To Net: Unknown Pin: Pin L5-3
Add Pin To Net: Unknown Pin: Pin L5-4
Add Pin To Net: Unknown Pin: Pin L6-1
Add Pin To Net: Unknown Pin: Pin L6-2
Add Pin To Net: Unknown Pin: Pin L6-3
Add Pin To Net: Unknown Pin: Pin L6-4
Add Pin To Net: Unknown Pin: Pin L7-1
Add Pin To Net: Unknown Pin: Pin L7-2
Add Pin To Net: Unknown Pin: Pin L7-3
Add Pin To Net: Unknown Pin: Pin L7-4
Added Pin To Net: NetName=NetL1_1 Pin=R2-1
Added Pin To Net: NetName=+5 Pin=R2-2
Added Pin To Net: NetName=+5 Pin=R3-1
Added Pin To Net: NetName=Net*_14 Pin=R3-2
Added Pin To Net: NetName=NetL2_1 Pin=R4-1
Added Pin To Net: NetName=+5 Pin=R4-2
Added Pin To Net: NetName=NetL3_1 Pin=R7-1
Added Pin To Net: NetName=Net*_12 Pin=R9-2
Added Pin To Net: NetName=NetL4_1 Pin=R10-1
Added Pin To Net: NetName=Net*_11 Pin=R11-2
Added Pin To Net: NetName=NetL5_1 Pin=R12-1
Added Pin To Net: NetName=+5 Pin=R12-2
Added Pin To Net: NetName=Net*_10 Pin=R13-2
Added Pin To Net: NetName=NetL6_1 Pin=R14-1
Added Pin To Net: NetName=+5 Pin=R14-2
Added Pin To Net: NetName=+5 Pin=R15-1
Added Pin To Net: NetName=Net*_9 Pin=R15-2
Added Pin To Net: NetName=NetL7_1 Pin=R16-1
Added Pin To Net: NetName=+5 Pin=R16-2
Added Member To Class: ClassName=Sheet1 Member=Component 0805 Res
Add Class Member: Failed to add class member : Component L1 KTIR0711S
Add Class Member: Failed to add class member : Component L2 KTIR0711S
Add Class Member: Failed to add class member : Component L3 KTIR0711S
Add Class Member: Failed to add class member : Component L4 KTIR0711S
Add Class Member: Failed to add class member : Component L5 KTIR0711S
Add Class Member: Failed to add class member : Component L6 KTIR0711S
Add Class Member: Failed to add class member : Component L7 KTIR0711S
