Change Component Designator: OldDesignator=R? NewDesignator=R16
Change Component Designator: OldDesignator=R? NewDesignator=R17
Change Component Designator: OldDesignator=R? NewDesignator=R18
Change Component Designator: OldDesignator=R? NewDesignator=R19
Change Component Designator: OldDesignator=U? NewDesignator=U2
Change Component Designator: OldDesignator=U? NewDesignator=U3
Change Component Designator: OldDesignator=U? NewDesignator=U4
Change Component Designator: OldDesignator=U? NewDesignator=U5
Change Component Designator: OldDesignator=U? NewDesignator=U6
Change Component Designator: OldDesignator=U? NewDesignator=U7
Change Component Designator: OldDesignator=U? NewDesignator=U8
Change Net Name : Old Net Name=NetR?_1 New Net Name=NetR17_1
Added Pin To Net: NetName=NetR19_1 Pin=R19-1
Added Pin To Net: NetName=NetR19_1 Pin=U8-1
Added Net: Name=NetR19_1
Added Member To Class: ClassName=Sheet1 Member=Component R17 100
Added Member To Class: ClassName=Sheet1 Member=Component R18 10k
Added Member To Class: ClassName=Sheet1 Member=Component R19 100
Added Member To Class: ClassName=Sheet1 Member=Component U2 QRE1113GR
Added Member To Class: ClassName=Sheet1 Member=Component U4 QRE1113GR
Added Member To Class: ClassName=Sheet1 Member=Component U5 QRE1113GR
Added Member To Class: ClassName=Sheet1 Member=Component U6 QRE1113GR
Added Member To Class: ClassName=Sheet1 Member=Component U7 QRE1113GR
Added Member To Class: ClassName=Sheet1 Member=Component U8 QRE1113GR
