Removed Pin From Net: NetName=+5 Pin=10u-2
Removed Pin From Net: NetName=+5 Pin=L1-2
Removed Pin From Net: NetName=Net*_15 Pin=L1-3
Removed Pin From Net: NetName=+5 Pin=L1-4
Removed Pin From Net: NetName=+5 Pin=L2-2
Removed Pin From Net: NetName=Net*_14 Pin=L2-3
Removed Pin From Net: NetName=+5 Pin=L2-4
Removed Pin From Net: NetName=+5 Pin=L3-2
Removed Pin From Net: NetName=Net*_13 Pin=L3-3
Removed Pin From Net: NetName=+5 Pin=L3-4
Removed Pin From Net: NetName=+5 Pin=L4-2
Removed Pin From Net: NetName=Net*_12 Pin=L4-3
Removed Pin From Net: NetName=+5 Pin=L4-4
Removed Pin From Net: NetName=+5 Pin=L5-2
Removed Pin From Net: NetName=Net*_11 Pin=L5-3
Removed Pin From Net: NetName=+5 Pin=L5-4
Removed Pin From Net: NetName=+5 Pin=L6-2
Removed Pin From Net: NetName=Net*_10 Pin=L6-3
Removed Pin From Net: NetName=+5 Pin=L6-4
Removed Pin From Net: NetName=+5 Pin=L7-2
Removed Pin From Net: NetName=Net*_9 Pin=L7-3
Removed Pin From Net: NetName=+5 Pin=L7-4
Removed Pin From Net: NetName=+5 Pin=R1-1
Removed Pin From Net: NetName=+5 Pin=R2-2
Removed Pin From Net: NetName=+5 Pin=R3-1
Removed Pin From Net: NetName=+5 Pin=R4-2
Removed Pin From Net: NetName=+5 Pin=R5-1
Removed Pin From Net: NetName=+5 Pin=R7-2
Removed Pin From Net: NetName=+5 Pin=R9-1
Removed Pin From Net: NetName=+5 Pin=R10-2
Removed Pin From Net: NetName=+5 Pin=R11-1
Removed Pin From Net: NetName=+5 Pin=R12-2
Removed Pin From Net: NetName=+5 Pin=R13-1
Removed Pin From Net: NetName=Net*_10 Pin=R13-2
Removed Pin From Net: NetName=+5 Pin=R14-2
Removed Pin From Net: NetName=+5 Pin=R15-1
Removed Pin From Net: NetName=Net*_9 Pin=R15-2
Removed Pin From Net: NetName=+5 Pin=R16-2
Removed Pin From Net: NetName=+5 Pin=U1-3
Change Component Comment : Designator=R1 Old Comment=Res New Comment=10k
Change Component Comment : Designator=R3 Old Comment=Res New Comment=10k
Change Component Comment : Designator=R5 Old Comment=Res New Comment=10k
Change Component Comment : Designator=R9 Old Comment=Res New Comment=10k
Change Component Comment : Designator=R11 Old Comment=Res New Comment=10k
Change Component Comment : Designator=R2 Old Comment=Res New Comment=100
Change Component Comment : Designator=R4 Old Comment=Res New Comment=100
Change Component Comment : Designator=R7 Old Comment=Res New Comment=100
Change Component Comment : Designator=R10 Old Comment=Res New Comment=100
Change Component Comment : Designator=R12 Old Comment=Res New Comment=100
Added Component: Designator=A1(PHODET_RPR-220)
Add component (AddParameter): Name = "Check_prices"; Value = "https://www.snapeda.com/parts/RPR-220/Rohm/view-part/?ref=eda"; VariantName = "[No Variations]"
Add component (AddParameter): Name = "MF"; Value = "Rohm"; VariantName = "[No Variations]"
Add component (AddParameter): Name = "MP"; Value = "RPR-220"; VariantName = "[No Variations]"
Add component (AddParameter): Name = "Package"; Value = "Radial-4 Rohm"; VariantName = "[No Variations]"
Add component (AddParameter): Name = "SnapEDA_Link"; Value = "https://www.snapeda.com/parts/RPR-220/Rohm/view-part/?ref=snap"; VariantName = "[No Variations]"
Add component (AddParameter): Name = "Value"; Value = ""; VariantName = "[No Variations]"
Added Component: Designator=A2(PHODET_RPR-220)
Add component (AddParameter): Name = "Check_prices"; Value = "https://www.snapeda.com/parts/RPR-220/Rohm/view-part/?ref=eda"; VariantName = "[No Variations]"
Add component (AddParameter): Name = "MF"; Value = "Rohm"; VariantName = "[No Variations]"
Add component (AddParameter): Name = "MP"; Value = "RPR-220"; VariantName = "[No Variations]"
Add component (AddParameter): Name = "Package"; Value = "Radial-4 Rohm"; VariantName = "[No Variations]"
Add component (AddParameter): Name = "SnapEDA_Link"; Value = "https://www.snapeda.com/parts/RPR-220/Rohm/view-part/?ref=snap"; VariantName = "[No Variations]"
Add component (AddParameter): Name = "Value"; Value = ""; VariantName = "[No Variations]"
Added Component: Designator=A3(PHODET_RPR-220)
Add component (AddParameter): Name = "Check_prices"; Value = "https://www.snapeda.com/parts/RPR-220/Rohm/view-part/?ref=eda"; VariantName = "[No Variations]"
Add component (AddParameter): Name = "MF"; Value = "Rohm"; VariantName = "[No Variations]"
Add component (AddParameter): Name = "MP"; Value = "RPR-220"; VariantName = "[No Variations]"
Add component (AddParameter): Name = "Package"; Value = "Radial-4 Rohm"; VariantName = "[No Variations]"
Add component (AddParameter): Name = "SnapEDA_Link"; Value = "https://www.snapeda.com/parts/RPR-220/Rohm/view-part/?ref=snap"; VariantName = "[No Variations]"
Add component (AddParameter): Name = "Value"; Value = ""; VariantName = "[No Variations]"
Added Component: Designator=A4(PHODET_RPR-220)
Add component (AddParameter): Name = "Check_prices"; Value = "https://www.snapeda.com/parts/RPR-220/Rohm/view-part/?ref=eda"; VariantName = "[No Variations]"
Add component (AddParameter): Name = "MF"; Value = "Rohm"; VariantName = "[No Variations]"
Add component (AddParameter): Name = "MP"; Value = "RPR-220"; VariantName = "[No Variations]"
Add component (AddParameter): Name = "Package"; Value = "Radial-4 Rohm"; VariantName = "[No Variations]"
Add component (AddParameter): Name = "SnapEDA_Link"; Value = "https://www.snapeda.com/parts/RPR-220/Rohm/view-part/?ref=snap"; VariantName = "[No Variations]"
Add component (AddParameter): Name = "Value"; Value = ""; VariantName = "[No Variations]"
Added Component: Designator=A5(PHODET_RPR-220)
Add component (AddParameter): Name = "Check_prices"; Value = "https://www.snapeda.com/parts/RPR-220/Rohm/view-part/?ref=eda"; VariantName = "[No Variations]"
Add component (AddParameter): Name = "MF"; Value = "Rohm"; VariantName = "[No Variations]"
Add component (AddParameter): Name = "MP"; Value = "RPR-220"; VariantName = "[No Variations]"
Add component (AddParameter): Name = "Package"; Value = "Radial-4 Rohm"; VariantName = "[No Variations]"
Add component (AddParameter): Name = "SnapEDA_Link"; Value = "https://www.snapeda.com/parts/RPR-220/Rohm/view-part/?ref=snap"; VariantName = "[No Variations]"
Add component (AddParameter): Name = "Value"; Value = ""; VariantName = "[No Variations]"
Added Pin To Net: NetName=+5 Pin=A1-2
Added Pin To Net: NetName=+5 Pin=A1-3
Added Pin To Net: NetName=Net*_15 Pin=A1-4
Added Pin To Net: NetName=+5 Pin=A2-2
Added Pin To Net: NetName=+5 Pin=A2-3
Added Pin To Net: NetName=Net*_14 Pin=A2-4
Added Pin To Net: NetName=+5 Pin=A3-2
Added Pin To Net: NetName=+5 Pin=A3-3
Added Pin To Net: NetName=Net*_13 Pin=A3-4
Added Pin To Net: NetName=+5 Pin=A4-2
Added Pin To Net: NetName=+5 Pin=A4-3
Added Pin To Net: NetName=Net*_12 Pin=A4-4
Added Pin To Net: NetName=+5 Pin=A5-2
Added Pin To Net: NetName=+5 Pin=A5-3
Added Pin To Net: NetName=Net*_11 Pin=A5-4
Added Pin To Net: NetName=Net33u_2 Pin=R1-1
Added Pin To Net: NetName=Net33u_2 Pin=R2-2
Added Pin To Net: NetName=Net33u_2 Pin=R3-1
Added Pin To Net: NetName=Net33u_2 Pin=R4-2
Added Pin To Net: NetName=Net33u_2 Pin=R5-1
Added Pin To Net: NetName=Net33u_2 Pin=R7-2
Added Pin To Net: NetName=Net33u_2 Pin=R9-1
Added Pin To Net: NetName=Net33u_2 Pin=R10-2
Added Pin To Net: NetName=Net33u_2 Pin=R11-1
Added Pin To Net: NetName=Net33u_2 Pin=R12-2
Change Net Name : Old Net Name=+5 New Net Name=GND
Added Pin To Net: NetName=+5 Pin=10u-2
Added Pin To Net: NetName=+5 Pin=U1-3
Added Net: Name=+5
Added Pin To Net: NetName=NetA1_1 Pin=A1-1
Added Pin To Net: NetName=NetA1_1 Pin=R2-1
Added Net: Name=NetA1_1
Added Pin To Net: NetName=NetA2_1 Pin=A2-1
Added Pin To Net: NetName=NetA2_1 Pin=R4-1
Added Net: Name=NetA2_1
Added Pin To Net: NetName=NetA3_1 Pin=A3-1
Added Pin To Net: NetName=NetA3_1 Pin=R7-1
Added Net: Name=NetA3_1
Added Pin To Net: NetName=NetA4_1 Pin=A4-1
Added Pin To Net: NetName=NetA4_1 Pin=R10-1
Added Net: Name=NetA4_1
Added Pin To Net: NetName=NetA5_1 Pin=A5-1
Added Pin To Net: NetName=NetA5_1 Pin=R12-1
Added Net: Name=NetA5_1
Added Member To Class: ClassName=Sheet1 Member=Component A1 RPR-220
Added Member To Class: ClassName=Sheet1 Member=Component A2 RPR-220
Added Member To Class: ClassName=Sheet1 Member=Component A3 RPR-220
Added Member To Class: ClassName=Sheet1 Member=Component A4 RPR-220
Added Member To Class: ClassName=Sheet1 Member=Component A5 RPR-220
