Change Component Designator: OldDesignator=H? NewDesignator=H1
Change Component Designator: OldDesignator=H? NewDesignator=H2
Change Component Designator: OldDesignator=IC? NewDesignator=IC1
Change Component Designator: OldDesignator=SW? NewDesignator=SW1
Change Component Designator: OldDesignator=SW? NewDesignator=SW2
Change Component Designator: OldDesignator=SW? NewDesignator=SW3
Change Component Designator: OldDesignator=U? NewDesignator=U1
Added Component: Designator=R?(RES_ERJP06J221V)
Add component (AddParameter): Name = "Availability"; Value = "Unavailable"; VariantName = "[No Variations]"
Add component (AddParameter): Name = "MF"; Value = ""; VariantName = "[No Variations]"
Add component (AddParameter): Name = "MP"; Value = "ERJP06J221V"; VariantName = "[No Variations]"
Add component (AddParameter): Name = "Package"; Value = "None"; VariantName = "[No Variations]"
Add component (AddParameter): Name = "Price"; Value = "None"; VariantName = "[No Variations]"
Add component (AddParameter): Name = "Value"; Value = ""; VariantName = "[No Variations]"
Add Pin To Net: Unknown Pin: Pin L1-1
Add Pin To Net: Unknown Pin: Pin L1-2
Add Pin To Net: Unknown Pin: Pin L1-3
Add Pin To Net: Unknown Pin: Pin L1-4
Add Pin To Net: Unknown Pin: Pin L2-1
Add Pin To Net: Unknown Pin: Pin L2-2
Add Pin To Net: Unknown Pin: Pin L2-3
Add Pin To Net: Unknown Pin: Pin L2-4
Add Pin To Net: Unknown Pin: Pin L3-1
Add Pin To Net: Unknown Pin: Pin L3-2
Add Pin To Net: Unknown Pin: Pin L3-3
Add Pin To Net: Unknown Pin: Pin L3-4
Add Pin To Net: Unknown Pin: Pin L4-1
Add Pin To Net: Unknown Pin: Pin L4-2
Add Pin To Net: Unknown Pin: Pin L4-3
Add Pin To Net: Unknown Pin: Pin L4-4
Add Pin To Net: Unknown Pin: Pin L5-1
Add Pin To Net: Unknown Pin: Pin L5-2
Add Pin To Net: Unknown Pin: Pin L5-3
Add Pin To Net: Unknown Pin: Pin L5-4
Add Pin To Net: Unknown Pin: Pin L6-1
Add Pin To Net: Unknown Pin: Pin L6-2
Add Pin To Net: Unknown Pin: Pin L6-3
Add Pin To Net: Unknown Pin: Pin L6-4
Add Pin To Net: Unknown Pin: Pin L7-1
Add Pin To Net: Unknown Pin: Pin L7-2
Add Pin To Net: Unknown Pin: Pin L7-3
Add Pin To Net: Unknown Pin: Pin L7-4
Change Net Name : Old Net Name=NetH?_1 New Net Name=NetH2_1
Change Net Name : Old Net Name=NetH?_2 New Net Name=NetH2_2
Added Pin To Net: NetName=NetH1_1 Pin=H1-1
Added Pin To Net: NetName=NetH1_1 Pin=IC1-1
Added Net: Name=NetH1_1
Added Pin To Net: NetName=NetH1_2 Pin=H1-2
Added Pin To Net: NetName=NetH1_2 Pin=IC1-5
Added Net: Name=NetH1_2
Added Member To Class: ClassName=Sheet1 Member=Component H1 Header1
Add Class Member: Failed to add class member : Component L1 KTIR0711S
Add Class Member: Failed to add class member : Component L2 KTIR0711S
Add Class Member: Failed to add class member : Component L3 KTIR0711S
Add Class Member: Failed to add class member : Component L4 KTIR0711S
Add Class Member: Failed to add class member : Component L5 KTIR0711S
Add Class Member: Failed to add class member : Component L6 KTIR0711S
Add Class Member: Failed to add class member : Component L7 KTIR0711S
Added Member To Class: ClassName=Sheet1 Member=Component R? ERJP06J221V
Added Member To Class: ClassName=Sheet1 Member=Component SW2 SW
Added Member To Class: ClassName=Sheet1 Member=Component SW3 SW
