Change Component Footprint: Designator=H? Old Footprint=Header 2P DC 2.54 New Footprint=XH2.54M-2
Change Component Footprint: Designator=H? Old Footprint=Header 2P DC 2.54 New Footprint=XH2.54M-2
Change Component Comment : Designator=H? Old Comment=Header 2P  New Comment=Header1
Change Component Comment : Designator=H? Old Comment=Header 2P New Comment=Header2
Change component parameters: Designator = "H?" ("H?"); Footprint = "Header 2P DC 2.54"; UniqueID = "\RJKTFTWQ" ("\RJKTFTWQ")
Change component parameters (AddParameter): Name = "Chung_Loai"; Value = "C?m"; VariantName = "[No Variations]"
Change component parameters (AddParameter): Name = "Don_Vi"; Value = "Con"; VariantName = "[No Variations]"
Change component parameters (AddParameter): Name = "Ghi_Chu"; Value = ""; VariantName = "[No Variations]"
Change component parameters (AddParameter): Name = "Kieu_Chan"; Value = ""; VariantName = "[No Variations]"
Change component parameters (AddParameter): Name = "Ma_Hang"; Value = "MH001283"; VariantName = "[No Variations]"
Change component parameters (AddParameter): Name = "Ten_Linh_Kien"; Value = "Header 2P XH2.54-2P Ð?c Th?ng"; VariantName = "[No Variations]"
Change component parameters: Designator = "H?" ("H?"); Footprint = "Header 2P DC 2.54"; UniqueID = "\TDDOMZGF" ("\TDDOMZGF")
Change component parameters (AddParameter): Name = "Chung_Loai"; Value = "C?m"; VariantName = "[No Variations]"
Change component parameters (AddParameter): Name = "Don_Vi"; Value = "Con"; VariantName = "[No Variations]"
Change component parameters (AddParameter): Name = "Ghi_Chu"; Value = ""; VariantName = "[No Variations]"
Change component parameters (AddParameter): Name = "Kieu_Chan"; Value = ""; VariantName = "[No Variations]"
Change component parameters (AddParameter): Name = "Ma_Hang"; Value = "MH001283"; VariantName = "[No Variations]"
Change component parameters (AddParameter): Name = "Ten_Linh_Kien"; Value = "Header 2P XH2.54-2P Ð?c Th?ng"; VariantName = "[No Variations]"
Add Pin To Net: Unknown Pin: Pin L1-1
Add Pin To Net: Unknown Pin: Pin L1-2
Add Pin To Net: Unknown Pin: Pin L1-3
Add Pin To Net: Unknown Pin: Pin L1-4
Add Pin To Net: Unknown Pin: Pin L2-1
Add Pin To Net: Unknown Pin: Pin L2-2
Add Pin To Net: Unknown Pin: Pin L2-3
Add Pin To Net: Unknown Pin: Pin L2-4
Add Pin To Net: Unknown Pin: Pin L3-1
Add Pin To Net: Unknown Pin: Pin L3-2
Add Pin To Net: Unknown Pin: Pin L3-3
Add Pin To Net: Unknown Pin: Pin L3-4
Add Pin To Net: Unknown Pin: Pin L4-1
Add Pin To Net: Unknown Pin: Pin L4-2
Add Pin To Net: Unknown Pin: Pin L4-3
Add Pin To Net: Unknown Pin: Pin L4-4
Add Pin To Net: Unknown Pin: Pin L5-1
Add Pin To Net: Unknown Pin: Pin L5-2
Add Pin To Net: Unknown Pin: Pin L5-3
Add Pin To Net: Unknown Pin: Pin L5-4
Add Pin To Net: Unknown Pin: Pin L6-1
Add Pin To Net: Unknown Pin: Pin L6-2
Add Pin To Net: Unknown Pin: Pin L6-3
Add Pin To Net: Unknown Pin: Pin L6-4
Add Pin To Net: Unknown Pin: Pin L7-1
Add Pin To Net: Unknown Pin: Pin L7-2
Add Pin To Net: Unknown Pin: Pin L7-3
Add Pin To Net: Unknown Pin: Pin L7-4
Add Net: Net with name "NetH?_1" already exists
Add Net: Net with name "NetH?_2" already exists
Added Member To Class: ClassName=Sheet1 Member=Component H? Header1
Add Class Member: Failed to add class member : Component L1 KTIR0711S
Add Class Member: Failed to add class member : Component L2 KTIR0711S
Add Class Member: Failed to add class member : Component L3 KTIR0711S
Add Class Member: Failed to add class member : Component L4 KTIR0711S
Add Class Member: Failed to add class member : Component L5 KTIR0711S
Add Class Member: Failed to add class member : Component L6 KTIR0711S
Add Class Member: Failed to add class member : Component L7 KTIR0711S
Added Member To Class: ClassName=Sheet1 Member=Component R8 Res
Added Member To Class: ClassName=Sheet1 Member=Component SW? SW
Added Member To Class: ClassName=Sheet1 Member=Component SW? SW
