Remove Pin from Net: Failed to remove Pin
Removed Pin From Net: NetName=+5 Pin=L?-2
Removed Pin From Net: NetName=+5 Pin=L?-2
Remove Pin from Net: Failed to remove Pin
Remove Pin from Net: Failed to remove Pin
Remove Pin from Net: Failed to remove Pin
Remove Pin from Net: Failed to remove Pin
Remove Pin from Net: Failed to remove Pin
Remove Pin from Net: Failed to remove Pin
Removed Pin From Net: NetName=Net*_11 Pin=L?-3
Remove Pin from Net: Failed to remove Pin
Remove Pin from Net: Failed to remove Pin
Remove Pin from Net: Failed to remove Pin
Removed Pin From Net: NetName=Net*_15 Pin=L?-3
Removed Pin From Net: NetName=+5 Pin=L?-4
Remove Pin from Net: Failed to remove Pin
Removed Pin From Net: NetName=+5 Pin=L?-4
Remove Pin from Net: Failed to remove Pin
Remove Pin from Net: Failed to remove Pin
Remove Pin from Net: Failed to remove Pin
Removed Pin From Net: NetName=NetL?_1 Pin=R7-1
Added Pin To Net: NetName=NetL?_1 Pin=L?-1
Added Pin To Net: NetName=Net*_15 Pin=L?-3
Added Pin To Net: NetName=NetL?_1 Pin=R2-1
